INFO  23:59:03:570  main: Screenshot took 0.66 seconds.
INFO  23:59:04:330  main: webview_region,4,677,14,1063
INFO  23:59:06:295  main: scale,false
INFO  23:59:06:295  main: message,You need to log in.
INFO  16:15:44:454  main: Screenshot took 1.50 seconds.
INFO  16:15:49:113  main: webview_region,4,1311,14,1063
INFO  16:15:54:150  main: scale,false
INFO  16:15:54:150  main: message,You need to log in.
INFO  16:19:05:973  main: Screenshot took 0.49 seconds.
INFO  16:19:06:504  main: webview_region,4,885,34,1043
INFO  16:19:09:680  main: scale,false
INFO  16:19:09:680  main: message,You need to log in.
INFO  16:20:21:729  main: Screenshot took 0.52 seconds.
INFO  16:20:22:144  main: webview_region,4,885,34,1043
INFO  16:20:24:438  main: scale,false
INFO  16:20:24:438  main: message,You need to log in.
INFO  16:20:55:557  get_screenshot: Screenshot took 0.44 seconds.
INFO  16:20:55:959  get_screenshot: webview_region,4,885,34,1043
INFO  16:20:58:501  get_screenshot: scale,false
INFO  16:20:58:501  get_screenshot: message,You need to log in.
INFO  16:22:01:837  get_screenshot: Screenshot took 0.55 seconds.
INFO  16:22:02:252  get_screenshot: webview_region,4,885,34,1043
INFO  16:22:05:264  get_screenshot: scale,false
INFO  16:22:05:264  get_screenshot: message,You need to log in.
INFO  16:24:14:274  get_screenshot: Screenshot took 0.57 seconds.
INFO  16:24:14:859  get_screenshot: webview_region,4,885,14,1063
INFO  16:24:18:183  get_screenshot: scale,false
INFO  16:24:18:183  get_screenshot: message,You need to log in.
INFO  16:24:58:545  get_screenshot: Screenshot took 0.45 seconds.
INFO  16:24:58:913  get_screenshot: webview_region,4,885,14,1063
INFO  16:25:02:126  get_screenshot: scale,false
INFO  16:25:02:126  get_screenshot: message,You need to log in.
INFO  16:26:38:550  get_screenshot: Screenshot took 0.42 seconds.
INFO  16:26:39:170  get_screenshot: webview_region,4,885,14,1063
INFO  16:26:42:263  get_screenshot: scale,false
INFO  16:26:42:263  get_screenshot: message,You need to log in.
INFO  18:41:41:346  get_screenshot: Screenshot took 0.41 seconds.
INFO  18:41:41:783  get_screenshot: webview_region,4,885,14,1063
INFO  18:41:45:890  get_screenshot: scale,false
INFO  18:41:45:900  get_screenshot: message,You need to log in.
INFO  21:24:51:830  get_screenshot: Screenshot took 0.51 seconds.
INFO  21:24:51:579  get_screenshot: webview_region,4,885,14,1063
INFO  21:24:57:244  get_screenshot: scale,false
INFO  21:24:57:245  get_screenshot: message,You need to log in.
INFO  21:28:19:564  get_screenshot: Screenshot took 0.48 seconds.
INFO  21:28:20:348  get_screenshot: webview_region,4,885,14,1063
INFO  21:28:25:335  get_screenshot: scale,false
INFO  21:28:25:335  get_screenshot: message,You need to log in.
INFO  21:29:05:242  get_screenshot: Screenshot took 0.49 seconds.
INFO  21:29:05:684  get_screenshot: webview_region,4,885,14,1063
INFO  21:29:09:539  get_screenshot: scale,false
INFO  21:29:09:539  get_screenshot: message,You need to log in.
INFO  21:29:46:610  get_screenshot: Screenshot took 0.50 seconds.
INFO  21:30:46:918  get_screenshot: Screenshot took 0.81 seconds.
INFO  21:31:20:176  get_screenshot: Screenshot took 0.54 seconds.
INFO  21:31:24:436  get_screenshot: Screenshot took 0.58 seconds.
INFO  21:31:25:645  get_screenshot: Screenshot took 0.60 seconds.
INFO  21:31:28:849  get_screenshot: Screenshot took 0.55 seconds.
INFO  21:31:30:390  get_screenshot: Screenshot took 0.60 seconds.
INFO  21:31:31:298  get_screenshot: Screenshot took 0.58 seconds.
INFO  21:31:32:870  get_screenshot: Screenshot took 0.68 seconds.
INFO  21:31:35:254  get_screenshot: Screenshot took 1.09 seconds.
INFO  21:31:38:817  get_screenshot: Screenshot took 0.72 seconds.
INFO  21:31:42:342  get_screenshot: Screenshot took 0.55 seconds.
INFO  21:31:43:518  get_screenshot: Screenshot took 0.62 seconds.
INFO  21:31:46:704  get_screenshot: Screenshot took 0.62 seconds.
INFO  21:31:47:954  get_screenshot: Screenshot took 0.48 seconds.
INFO  21:31:49:390  get_screenshot: Screenshot took 0.57 seconds.
INFO  21:34:25:679  get_screenshot: Screenshot took 0.68 seconds.
INFO  21:34:29:270  get_screenshot: Screenshot took 0.48 seconds.
INFO  21:34:30:255  get_screenshot: Screenshot took 0.41 seconds.
INFO  21:34:33:211  get_screenshot: Screenshot took 0.44 seconds.
INFO  21:34:34:267  get_screenshot: Screenshot took 0.58 seconds.
INFO  21:34:35:271  get_screenshot: Screenshot took 0.51 seconds.
INFO  21:34:36:257  get_screenshot: Screenshot took 0.48 seconds.
INFO  21:34:37:250  get_screenshot: Screenshot took 0.40 seconds.
INFO  21:34:38:289  get_screenshot: Screenshot took 0.42 seconds.
INFO  21:34:39:353  get_screenshot: Screenshot took 0.41 seconds.
INFO  21:34:40:427  get_screenshot: Screenshot took 0.41 seconds.
INFO  21:34:41:491  get_screenshot: Screenshot took 0.50 seconds.
INFO  21:34:42:513  get_screenshot: Screenshot took 0.43 seconds.
INFO  21:34:43:421  get_screenshot: Screenshot took 0.43 seconds.
INFO  21:34:44:485  get_screenshot: Screenshot took 0.46 seconds.
INFO  21:34:45:529  get_screenshot: Screenshot took 0.51 seconds.
INFO  21:34:46:568  get_screenshot: Screenshot took 0.48 seconds.
INFO  21:34:47:657  get_screenshot: Screenshot took 0.53 seconds.
INFO  21:34:48:602  get_screenshot: Screenshot took 0.42 seconds.
INFO  21:34:49:735  get_screenshot: Screenshot took 0.50 seconds.
INFO  21:34:50:810  get_screenshot: Screenshot took 0.44 seconds.
INFO  21:34:51:870  get_screenshot: Screenshot took 0.44 seconds.
INFO  21:34:52:919  get_screenshot: Screenshot took 0.50 seconds.
INFO  21:34:53:928  get_screenshot: Screenshot took 0.48 seconds.
INFO  21:34:55:400  get_screenshot: Screenshot took 0.49 seconds.
INFO  21:34:55:991  get_screenshot: Screenshot took 0.40 seconds.
INFO  21:34:57:660  get_screenshot: Screenshot took 0.42 seconds.
INFO  21:34:58:149  get_screenshot: Screenshot took 0.47 seconds.
INFO  21:34:59:214  get_screenshot: Screenshot took 0.43 seconds.
INFO  21:35:00:262  get_screenshot: Screenshot took 0.44 seconds.
INFO  21:35:01:233  get_screenshot: Screenshot took 0.43 seconds.
INFO  21:35:02:274  get_screenshot: Screenshot took 0.50 seconds.
INFO  21:35:03:320  get_screenshot: Screenshot took 0.51 seconds.
INFO  21:35:04:410  get_screenshot: Screenshot took 0.52 seconds.
INFO  21:35:05:436  get_screenshot: Screenshot took 0.52 seconds.
INFO  21:35:06:867  get_screenshot: Screenshot took 0.57 seconds.
INFO  21:35:08:345  get_screenshot: Screenshot took 0.64 seconds.
INFO  21:35:10:330  get_screenshot: Screenshot took 0.74 seconds.
INFO  21:35:11:319  get_screenshot: Screenshot took 0.61 seconds.
INFO  21:35:12:596  get_screenshot: Screenshot took 0.69 seconds.
INFO  21:35:13:583  get_screenshot: Screenshot took 0.48 seconds.
INFO  21:35:14:569  get_screenshot: Screenshot took 0.50 seconds.
INFO  21:35:15:658  get_screenshot: Screenshot took 0.53 seconds.
INFO  21:35:16:575  get_screenshot: Screenshot took 0.41 seconds.
INFO  21:35:17:560  get_screenshot: Screenshot took 0.39 seconds.
INFO  21:35:18:661  get_screenshot: Screenshot took 0.45 seconds.
INFO  21:35:19:713  get_screenshot: Screenshot took 0.45 seconds.
INFO  21:35:20:916  get_screenshot: Screenshot took 0.42 seconds.
INFO  21:35:21:850  get_screenshot: Screenshot took 0.43 seconds.
INFO  21:35:22:680  get_screenshot: Screenshot took 0.42 seconds.
INFO  21:35:23:643  get_screenshot: Screenshot took 0.44 seconds.
INFO  21:35:24:516  get_screenshot: Screenshot took 0.39 seconds.
INFO  21:35:25:438  get_screenshot: Screenshot took 0.44 seconds.
INFO  21:35:26:292  get_screenshot: Screenshot took 0.37 seconds.
INFO  21:35:27:196  get_screenshot: Screenshot took 0.40 seconds.
INFO  21:35:28:600  get_screenshot: Screenshot took 0.39 seconds.
INFO  21:35:28:931  get_screenshot: Screenshot took 0.42 seconds.
INFO  21:35:29:824  get_screenshot: Screenshot took 0.45 seconds.
INFO  21:35:30:758  get_screenshot: Screenshot took 0.43 seconds.
INFO  21:35:31:595  get_screenshot: Screenshot took 0.37 seconds.
INFO  21:35:32:636  get_screenshot: Screenshot took 0.43 seconds.
INFO  21:35:33:461  get_screenshot: Screenshot took 0.38 seconds.
INFO  21:35:34:319  get_screenshot: Screenshot took 0.42 seconds.
INFO  21:35:35:273  get_screenshot: Screenshot took 0.41 seconds.
INFO  21:35:36:206  get_screenshot: Screenshot took 0.40 seconds.
INFO  21:35:37:116  get_screenshot: Screenshot took 0.39 seconds.
INFO  21:35:38:780  get_screenshot: Screenshot took 0.48 seconds.
INFO  21:35:38:911  get_screenshot: Screenshot took 0.43 seconds.
INFO  21:35:39:878  get_screenshot: Screenshot took 0.50 seconds.
INFO  21:35:40:678  get_screenshot: Screenshot took 0.37 seconds.
INFO  21:35:41:633  get_screenshot: Screenshot took 0.42 seconds.
INFO  21:35:42:529  get_screenshot: Screenshot took 0.37 seconds.
INFO  21:35:43:424  get_screenshot: Screenshot took 0.45 seconds.
INFO  21:35:44:273  get_screenshot: Screenshot took 0.41 seconds.
INFO  21:35:45:132  get_screenshot: Screenshot took 0.37 seconds.
INFO  21:35:46:700  get_screenshot: Screenshot took 0.39 seconds.
INFO  21:35:46:946  get_screenshot: Screenshot took 0.37 seconds.
INFO  21:35:47:800  get_screenshot: Screenshot took 0.43 seconds.
INFO  21:35:48:720  get_screenshot: Screenshot took 0.44 seconds.
INFO  21:35:49:547  get_screenshot: Screenshot took 0.36 seconds.
INFO  21:35:50:474  get_screenshot: Screenshot took 0.41 seconds.
INFO  21:35:51:343  get_screenshot: Screenshot took 0.39 seconds.
INFO  21:35:52:210  get_screenshot: Screenshot took 0.43 seconds.
INFO  21:35:53:780  get_screenshot: Screenshot took 0.39 seconds.
INFO  21:35:53:954  get_screenshot: Screenshot took 0.40 seconds.
INFO  21:35:54:799  get_screenshot: Screenshot took 0.37 seconds.
INFO  21:35:55:706  get_screenshot: Screenshot took 0.39 seconds.
INFO  21:35:56:539  get_screenshot: Screenshot took 0.40 seconds.
INFO  21:35:57:462  get_screenshot: Screenshot took 0.43 seconds.
INFO  21:35:58:315  get_screenshot: Screenshot took 0.38 seconds.
INFO  21:35:59:184  get_screenshot: Screenshot took 0.42 seconds.
INFO  21:36:00:940  get_screenshot: Screenshot took 0.42 seconds.
INFO  21:36:00:962  get_screenshot: Screenshot took 0.38 seconds.
INFO  21:36:01:871  get_screenshot: Screenshot took 0.45 seconds.
INFO  21:36:02:722  get_screenshot: Screenshot took 0.41 seconds.
INFO  21:36:03:542  get_screenshot: Screenshot took 0.40 seconds.
INFO  21:36:04:410  get_screenshot: Screenshot took 0.37 seconds.
INFO  21:36:05:244  get_screenshot: Screenshot took 0.37 seconds.
INFO  21:36:06:115  get_screenshot: Screenshot took 0.42 seconds.
INFO  21:36:07:143  get_screenshot: Screenshot took 0.58 seconds.
INFO  21:36:07:961  get_screenshot: Screenshot took 0.39 seconds.
INFO  21:36:08:893  get_screenshot: Screenshot took 0.42 seconds.
INFO  21:36:09:788  get_screenshot: Screenshot took 0.38 seconds.
INFO  21:36:10:627  get_screenshot: Screenshot took 0.43 seconds.
INFO  21:36:11:487  get_screenshot: Screenshot took 0.39 seconds.
INFO  21:36:12:327  get_screenshot: Screenshot took 0.38 seconds.
INFO  21:36:13:270  get_screenshot: Screenshot took 0.40 seconds.
INFO  21:36:14:157  get_screenshot: Screenshot took 0.37 seconds.
INFO  21:36:15:220  get_screenshot: Screenshot took 0.43 seconds.
INFO  21:36:15:904  get_screenshot: Screenshot took 0.46 seconds.
INFO  21:36:16:769  get_screenshot: Screenshot took 0.39 seconds.
INFO  21:36:17:662  get_screenshot: Screenshot took 0.38 seconds.
INFO  21:36:18:624  get_screenshot: Screenshot took 0.42 seconds.
INFO  21:36:19:491  get_screenshot: Screenshot took 0.45 seconds.
INFO  21:36:20:511  get_screenshot: Screenshot took 0.44 seconds.
INFO  21:36:21:376  get_screenshot: Screenshot took 0.41 seconds.
INFO  21:36:22:234  get_screenshot: Screenshot took 0.38 seconds.
INFO  21:36:23:146  get_screenshot: Screenshot took 0.40 seconds.
INFO  21:36:24:420  get_screenshot: Screenshot took 0.40 seconds.
INFO  21:36:24:848  get_screenshot: Screenshot took 0.38 seconds.
INFO  21:36:25:728  get_screenshot: Screenshot took 0.39 seconds.
INFO  21:36:26:562  get_screenshot: Screenshot took 0.40 seconds.
INFO  21:36:27:493  get_screenshot: Screenshot took 0.43 seconds.
INFO  21:36:28:326  get_screenshot: Screenshot took 0.40 seconds.
INFO  21:36:29:200  get_screenshot: Screenshot took 0.40 seconds.
INFO  21:36:30:960  get_screenshot: Screenshot took 0.40 seconds.
INFO  21:36:30:973  get_screenshot: Screenshot took 0.41 seconds.
INFO  21:36:31:903  get_screenshot: Screenshot took 0.45 seconds.
INFO  21:36:32:770  get_screenshot: Screenshot took 0.37 seconds.
INFO  21:36:33:728  get_screenshot: Screenshot took 0.40 seconds.
INFO  21:36:34:663  get_screenshot: Screenshot took 0.41 seconds.
INFO  21:36:35:454  get_screenshot: Screenshot took 0.38 seconds.
INFO  21:36:36:345  get_screenshot: Screenshot took 0.41 seconds.
INFO  21:36:37:253  get_screenshot: Screenshot took 0.36 seconds.
INFO  21:36:38:156  get_screenshot: Screenshot took 0.42 seconds.
INFO  21:36:39:180  get_screenshot: Screenshot took 0.46 seconds.
INFO  21:36:39:882  get_screenshot: Screenshot took 0.42 seconds.
INFO  21:36:40:697  get_screenshot: Screenshot took 0.36 seconds.
INFO  21:36:41:626  get_screenshot: Screenshot took 0.39 seconds.
INFO  21:36:42:486  get_screenshot: Screenshot took 0.44 seconds.
INFO  21:36:43:369  get_screenshot: Screenshot took 0.45 seconds.
INFO  21:36:44:194  get_screenshot: Screenshot took 0.37 seconds.
INFO  21:36:45:910  get_screenshot: Screenshot took 0.38 seconds.
INFO  21:36:46:170  get_screenshot: Screenshot took 0.41 seconds.
INFO  21:36:47:700  get_screenshot: Screenshot took 0.54 seconds.
INFO  21:36:47:829  get_screenshot: Screenshot took 0.40 seconds.
INFO  21:36:48:756  get_screenshot: Screenshot took 0.44 seconds.
INFO  21:36:49:581  get_screenshot: Screenshot took 0.38 seconds.
INFO  21:36:50:662  get_screenshot: Screenshot took 0.50 seconds.
INFO  21:36:51:566  get_screenshot: Screenshot took 0.43 seconds.
INFO  21:36:52:423  get_screenshot: Screenshot took 0.42 seconds.
INFO  21:36:53:310  get_screenshot: Screenshot took 0.40 seconds.
INFO  21:36:54:247  get_screenshot: Screenshot took 0.47 seconds.
INFO  21:36:55:840  get_screenshot: Screenshot took 0.41 seconds.
INFO  21:36:55:963  get_screenshot: Screenshot took 0.39 seconds.
INFO  21:36:56:820  get_screenshot: Screenshot took 0.37 seconds.
INFO  21:36:57:879  get_screenshot: Screenshot took 0.46 seconds.
INFO  21:36:58:700  get_screenshot: Screenshot took 0.38 seconds.
INFO  21:36:59:558  get_screenshot: Screenshot took 0.40 seconds.
INFO  21:37:00:511  get_screenshot: Screenshot took 0.43 seconds.
INFO  21:37:03:351  get_screenshot: Screenshot took 0.39 seconds.
INFO  21:37:04:232  get_screenshot: Screenshot took 0.43 seconds.
INFO  21:37:05:149  get_screenshot: Screenshot took 0.49 seconds.
INFO  21:37:05:965  get_screenshot: Screenshot took 0.37 seconds.
INFO  21:37:06:925  get_screenshot: Screenshot took 0.43 seconds.
INFO  21:37:07:950  get_screenshot: Screenshot took 0.49 seconds.
INFO  21:37:08:924  get_screenshot: Screenshot took 0.46 seconds.
INFO  21:37:09:797  get_screenshot: Screenshot took 0.46 seconds.
INFO  21:37:10:648  get_screenshot: Screenshot took 0.44 seconds.
INFO  21:37:11:539  get_screenshot: Screenshot took 0.39 seconds.
INFO  21:37:12:474  get_screenshot: Screenshot took 0.40 seconds.
INFO  21:37:13:333  get_screenshot: Screenshot took 0.39 seconds.
INFO  21:37:14:224  get_screenshot: Screenshot took 0.43 seconds.
INFO  21:37:15:800  get_screenshot: Screenshot took 0.42 seconds.
INFO  21:37:15:973  get_screenshot: Screenshot took 0.42 seconds.
INFO  21:37:16:896  get_screenshot: Screenshot took 0.37 seconds.
INFO  21:37:17:749  get_screenshot: Screenshot took 0.39 seconds.
INFO  21:37:18:620  get_screenshot: Screenshot took 0.44 seconds.
INFO  21:37:19:590  get_screenshot: Screenshot took 0.43 seconds.
INFO  21:37:20:475  get_screenshot: Screenshot took 0.41 seconds.
INFO  21:37:21:455  get_screenshot: Screenshot took 0.43 seconds.
INFO  21:37:22:346  get_screenshot: Screenshot took 0.40 seconds.
INFO  21:37:23:224  get_screenshot: Screenshot took 0.37 seconds.
INFO  21:37:24:122  get_screenshot: Screenshot took 0.43 seconds.
INFO  21:37:24:974  get_screenshot: Screenshot took 0.41 seconds.
INFO  21:37:25:813  get_screenshot: Screenshot took 0.40 seconds.
INFO  21:37:26:722  get_screenshot: Screenshot took 0.43 seconds.
INFO  21:37:27:886  get_screenshot: Screenshot took 0.56 seconds.
INFO  21:37:28:748  get_screenshot: Screenshot took 0.38 seconds.
INFO  21:37:29:626  get_screenshot: Screenshot took 0.42 seconds.
INFO  21:37:30:505  get_screenshot: Screenshot took 0.43 seconds.
INFO  21:37:31:305  get_screenshot: Screenshot took 0.40 seconds.
INFO  21:37:32:256  get_screenshot: Screenshot took 0.42 seconds.
INFO  21:37:33:158  get_screenshot: Screenshot took 0.36 seconds.
INFO  21:37:33:994  get_screenshot: Screenshot took 0.39 seconds.
INFO  21:37:35:280  get_screenshot: Screenshot took 0.43 seconds.
INFO  21:37:35:865  get_screenshot: Screenshot took 0.43 seconds.
INFO  21:37:36:744  get_screenshot: Screenshot took 0.37 seconds.
INFO  21:37:37:672  get_screenshot: Screenshot took 0.39 seconds.
INFO  21:37:38:538  get_screenshot: Screenshot took 0.42 seconds.
INFO  21:37:39:428  get_screenshot: Screenshot took 0.49 seconds.
INFO  21:37:40:282  get_screenshot: Screenshot took 0.38 seconds.
INFO  21:37:41:155  get_screenshot: Screenshot took 0.36 seconds.
INFO  21:37:42:247  get_screenshot: Screenshot took 0.48 seconds.
INFO  21:37:43:141  get_screenshot: Screenshot took 0.43 seconds.
INFO  21:37:44:220  get_screenshot: Screenshot took 0.42 seconds.
INFO  21:37:44:882  get_screenshot: Screenshot took 0.42 seconds.
INFO  21:37:45:745  get_screenshot: Screenshot took 0.38 seconds.
INFO  21:37:46:613  get_screenshot: Screenshot took 0.38 seconds.
INFO  21:37:47:536  get_screenshot: Screenshot took 0.41 seconds.
INFO  21:37:48:333  get_screenshot: Screenshot took 0.39 seconds.
INFO  21:37:49:248  get_screenshot: Screenshot took 0.41 seconds.
INFO  21:37:50:570  get_screenshot: Screenshot took 0.37 seconds.
INFO  21:37:51:690  get_screenshot: Screenshot took 0.49 seconds.
INFO  21:37:51:926  get_screenshot: Screenshot took 0.39 seconds.
INFO  21:37:52:809  get_screenshot: Screenshot took 0.41 seconds.
INFO  21:37:53:690  get_screenshot: Screenshot took 0.41 seconds.
INFO  21:37:54:532  get_screenshot: Screenshot took 0.38 seconds.
INFO  21:37:55:500  get_screenshot: Screenshot took 0.38 seconds.
INFO  21:37:56:507  get_screenshot: Screenshot took 0.41 seconds.
INFO  21:37:57:348  get_screenshot: Screenshot took 0.41 seconds.
INFO  21:37:58:254  get_screenshot: Screenshot took 0.43 seconds.
INFO  21:37:59:580  get_screenshot: Screenshot took 0.36 seconds.
INFO  21:37:59:917  get_screenshot: Screenshot took 0.40 seconds.
INFO  21:38:00:845  get_screenshot: Screenshot took 0.40 seconds.
INFO  21:38:01:729  get_screenshot: Screenshot took 0.42 seconds.
INFO  21:38:02:614  get_screenshot: Screenshot took 0.43 seconds.
INFO  21:38:03:655  get_screenshot: Screenshot took 0.43 seconds.
INFO  21:38:04:693  get_screenshot: Screenshot took 0.54 seconds.
INFO  21:38:05:583  get_screenshot: Screenshot took 0.41 seconds.
INFO  21:38:06:465  get_screenshot: Screenshot took 0.36 seconds.
INFO  21:38:07:743  get_screenshot: Screenshot took 0.54 seconds.
INFO  21:38:08:656  get_screenshot: Screenshot took 0.40 seconds.
INFO  21:38:09:545  get_screenshot: Screenshot took 0.41 seconds.
INFO  21:38:10:457  get_screenshot: Screenshot took 0.43 seconds.
INFO  21:38:11:263  get_screenshot: Screenshot took 0.40 seconds.
INFO  21:38:12:155  get_screenshot: Screenshot took 0.42 seconds.
INFO  21:38:13:170  get_screenshot: Screenshot took 0.36 seconds.
INFO  21:38:13:925  get_screenshot: Screenshot took 0.41 seconds.
INFO  21:38:14:774  get_screenshot: Screenshot took 0.44 seconds.
INFO  21:38:15:749  get_screenshot: Screenshot took 0.50 seconds.
INFO  21:38:16:659  get_screenshot: Screenshot took 0.41 seconds.
INFO  21:38:17:770  get_screenshot: Screenshot took 0.43 seconds.
INFO  21:38:18:635  get_screenshot: Screenshot took 0.39 seconds.
INFO  21:38:19:611  get_screenshot: Screenshot took 0.50 seconds.
INFO  21:38:20:424  get_screenshot: Screenshot took 0.39 seconds.
INFO  21:38:21:292  get_screenshot: Screenshot took 0.42 seconds.
INFO  21:38:22:147  get_screenshot: Screenshot took 0.36 seconds.
INFO  21:38:23:210  get_screenshot: Screenshot took 0.41 seconds.
INFO  21:38:23:923  get_screenshot: Screenshot took 0.40 seconds.
INFO  21:38:24:803  get_screenshot: Screenshot took 0.39 seconds.
INFO  21:38:25:692  get_screenshot: Screenshot took 0.42 seconds.
INFO  21:38:26:561  get_screenshot: Screenshot took 0.45 seconds.
INFO  21:38:27:380  get_screenshot: Screenshot took 0.38 seconds.
INFO  21:38:28:320  get_screenshot: Screenshot took 0.44 seconds.
INFO  21:38:29:271  get_screenshot: Screenshot took 0.38 seconds.
INFO  21:38:30:144  get_screenshot: Screenshot took 0.43 seconds.
INFO  21:38:31:320  get_screenshot: Screenshot took 0.45 seconds.
INFO  21:38:31:854  get_screenshot: Screenshot took 0.37 seconds.
INFO  21:38:32:791  get_screenshot: Screenshot took 0.41 seconds.
INFO  21:38:33:900  get_screenshot: Screenshot took 0.43 seconds.
INFO  21:38:34:935  get_screenshot: Screenshot took 0.41 seconds.
INFO  21:38:37:823  get_screenshot: Screenshot took 0.44 seconds.
INFO  21:38:38:648  get_screenshot: Screenshot took 0.37 seconds.
INFO  21:38:39:573  get_screenshot: Screenshot took 0.41 seconds.
INFO  21:38:40:474  get_screenshot: Screenshot took 0.39 seconds.
INFO  21:38:41:341  get_screenshot: Screenshot took 0.44 seconds.
INFO  21:38:42:192  get_screenshot: Screenshot took 0.43 seconds.
INFO  21:38:43:880  get_screenshot: Screenshot took 0.40 seconds.
INFO  21:38:43:928  get_screenshot: Screenshot took 0.36 seconds.
INFO  21:38:44:851  get_screenshot: Screenshot took 0.47 seconds.
INFO  21:38:45:766  get_screenshot: Screenshot took 0.46 seconds.
INFO  21:38:46:611  get_screenshot: Screenshot took 0.42 seconds.
INFO  21:38:47:514  get_screenshot: Screenshot took 0.44 seconds.
INFO  21:38:48:370  get_screenshot: Screenshot took 0.41 seconds.
INFO  21:38:49:219  get_screenshot: Screenshot took 0.38 seconds.
INFO  21:38:50:125  get_screenshot: Screenshot took 0.39 seconds.
INFO  21:38:51:310  get_screenshot: Screenshot took 0.45 seconds.
INFO  21:38:51:961  get_screenshot: Screenshot took 0.46 seconds.
INFO  21:38:52:788  get_screenshot: Screenshot took 0.39 seconds.
INFO  21:38:53:754  get_screenshot: Screenshot took 0.40 seconds.
INFO  21:38:54:637  get_screenshot: Screenshot took 0.37 seconds.
INFO  21:38:55:502  get_screenshot: Screenshot took 0.40 seconds.
INFO  21:38:56:382  get_screenshot: Screenshot took 0.40 seconds.
INFO  21:38:57:239  get_screenshot: Screenshot took 0.40 seconds.
INFO  21:38:58:165  get_screenshot: Screenshot took 0.42 seconds.
INFO  21:38:59:650  get_screenshot: Screenshot took 0.42 seconds.
INFO  21:38:59:927  get_screenshot: Screenshot took 0.38 seconds.
INFO  21:39:00:831  get_screenshot: Screenshot took 0.42 seconds.
INFO  21:39:01:774  get_screenshot: Screenshot took 0.38 seconds.
INFO  21:39:02:773  get_screenshot: Screenshot took 0.41 seconds.
INFO  21:39:03:650  get_screenshot: Screenshot took 0.40 seconds.
INFO  21:39:04:526  get_screenshot: Screenshot took 0.37 seconds.
INFO  21:39:05:376  get_screenshot: Screenshot took 0.39 seconds.
INFO  21:39:06:275  get_screenshot: Screenshot took 0.43 seconds.
INFO  21:39:07:189  get_screenshot: Screenshot took 0.41 seconds.
INFO  21:39:08:297  get_screenshot: Screenshot took 0.51 seconds.
INFO  21:39:09:180  get_screenshot: Screenshot took 0.39 seconds.
INFO  21:39:10:107  get_screenshot: Screenshot took 0.40 seconds.
INFO  21:39:11:800  get_screenshot: Screenshot took 0.41 seconds.
INFO  21:39:11:886  get_screenshot: Screenshot took 0.44 seconds.
INFO  21:39:12:694  get_screenshot: Screenshot took 0.39 seconds.
INFO  21:39:13:597  get_screenshot: Screenshot took 0.36 seconds.
INFO  21:39:14:518  get_screenshot: Screenshot took 0.38 seconds.
INFO  21:39:15:380  get_screenshot: Screenshot took 0.41 seconds.
INFO  21:39:16:251  get_screenshot: Screenshot took 0.43 seconds.
INFO  21:39:17:440  get_screenshot: Screenshot took 0.52 seconds.
INFO  21:39:18:363  get_screenshot: Screenshot took 0.40 seconds.
INFO  21:39:19:184  get_screenshot: Screenshot took 0.37 seconds.
INFO  21:39:20:800  get_screenshot: Screenshot took 0.37 seconds.
INFO  21:39:21:128  get_screenshot: Screenshot took 0.46 seconds.
INFO  21:39:22:228  get_screenshot: Screenshot took 0.48 seconds.
INFO  21:39:23:109  get_screenshot: Screenshot took 0.43 seconds.
INFO  21:39:23:994  get_screenshot: Screenshot took 0.41 seconds.
INFO  21:39:24:858  get_screenshot: Screenshot took 0.37 seconds.
INFO  21:39:25:765  get_screenshot: Screenshot took 0.43 seconds.
INFO  21:39:26:688  get_screenshot: Screenshot took 0.46 seconds.
INFO  21:39:27:533  get_screenshot: Screenshot took 0.37 seconds.
INFO  21:39:28:496  get_screenshot: Screenshot took 0.42 seconds.
INFO  21:39:29:441  get_screenshot: Screenshot took 0.43 seconds.
INFO  21:39:30:279  get_screenshot: Screenshot took 0.40 seconds.
INFO  21:39:31:161  get_screenshot: Screenshot took 0.38 seconds.
INFO  21:39:32:138  get_screenshot: Screenshot took 0.41 seconds.
INFO  21:39:33:240  get_screenshot: Screenshot took 0.42 seconds.
INFO  21:39:33:960  get_screenshot: Screenshot took 0.48 seconds.
INFO  21:39:34:800  get_screenshot: Screenshot took 0.42 seconds.
INFO  21:39:35:679  get_screenshot: Screenshot took 0.40 seconds.
INFO  21:39:36:599  get_screenshot: Screenshot took 0.39 seconds.
INFO  21:39:37:469  get_screenshot: Screenshot took 0.39 seconds.
INFO  21:39:38:397  get_screenshot: Screenshot took 0.51 seconds.
INFO  21:39:39:253  get_screenshot: Screenshot took 0.39 seconds.
INFO  21:39:40:156  get_screenshot: Screenshot took 0.36 seconds.
INFO  21:39:41:117  get_screenshot: Screenshot took 0.41 seconds.
INFO  21:39:41:946  get_screenshot: Screenshot took 0.41 seconds.
INFO  21:39:42:815  get_screenshot: Screenshot took 0.43 seconds.
INFO  21:39:43:671  get_screenshot: Screenshot took 0.36 seconds.
INFO  21:39:44:583  get_screenshot: Screenshot took 0.40 seconds.
INFO  21:39:45:524  get_screenshot: Screenshot took 0.45 seconds.
INFO  21:39:46:422  get_screenshot: Screenshot took 0.46 seconds.
INFO  21:39:47:236  get_screenshot: Screenshot took 0.41 seconds.
INFO  21:39:48:240  get_screenshot: Screenshot took 0.48 seconds.
INFO  21:39:49:640  get_screenshot: Screenshot took 0.36 seconds.
INFO  21:39:49:975  get_screenshot: Screenshot took 0.42 seconds.
INFO  21:39:50:878  get_screenshot: Screenshot took 0.37 seconds.
INFO  21:39:51:724  get_screenshot: Screenshot took 0.41 seconds.
INFO  21:39:52:569  get_screenshot: Screenshot took 0.40 seconds.
INFO  21:39:53:443  get_screenshot: Screenshot took 0.42 seconds.
INFO  21:39:54:300  get_screenshot: Screenshot took 0.38 seconds.
INFO  21:39:55:191  get_screenshot: Screenshot took 0.39 seconds.
INFO  21:39:56:510  get_screenshot: Screenshot took 0.39 seconds.
INFO  21:39:56:910  get_screenshot: Screenshot took 0.40 seconds.
INFO  21:39:57:788  get_screenshot: Screenshot took 0.40 seconds.
INFO  21:39:58:624  get_screenshot: Screenshot took 0.36 seconds.
INFO  21:39:59:527  get_screenshot: Screenshot took 0.42 seconds.
INFO  21:40:00:399  get_screenshot: Screenshot took 0.44 seconds.
INFO  21:40:01:223  get_screenshot: Screenshot took 0.39 seconds.
INFO  21:40:02:960  get_screenshot: Screenshot took 0.37 seconds.
INFO  21:40:03:810  get_screenshot: Screenshot took 0.36 seconds.
INFO  21:40:03:976  get_screenshot: Screenshot took 0.39 seconds.
INFO  21:40:04:839  get_screenshot: Screenshot took 0.40 seconds.
INFO  21:40:05:679  get_screenshot: Screenshot took 0.43 seconds.
INFO  21:40:06:540  get_screenshot: Screenshot took 0.40 seconds.
INFO  21:40:07:424  get_screenshot: Screenshot took 0.37 seconds.
INFO  21:40:08:331  get_screenshot: Screenshot took 0.41 seconds.
INFO  21:40:09:210  get_screenshot: Screenshot took 0.41 seconds.
INFO  21:40:10:480  get_screenshot: Screenshot took 0.39 seconds.
INFO  21:40:10:945  get_screenshot: Screenshot took 0.39 seconds.
INFO  21:40:11:838  get_screenshot: Screenshot took 0.37 seconds.
INFO  21:40:12:718  get_screenshot: Screenshot took 0.41 seconds.
INFO  21:40:13:700  get_screenshot: Screenshot took 0.44 seconds.
INFO  21:40:14:513  get_screenshot: Screenshot took 0.41 seconds.
INFO  21:40:15:394  get_screenshot: Screenshot took 0.42 seconds.
INFO  21:40:16:318  get_screenshot: Screenshot took 0.40 seconds.
INFO  21:40:17:183  get_screenshot: Screenshot took 0.39 seconds.
INFO  21:40:18:480  get_screenshot: Screenshot took 0.41 seconds.
INFO  21:40:18:896  get_screenshot: Screenshot took 0.40 seconds.
INFO  21:40:19:728  get_screenshot: Screenshot took 0.39 seconds.
INFO  21:40:20:610  get_screenshot: Screenshot took 0.38 seconds.
INFO  21:40:21:532  get_screenshot: Screenshot took 0.41 seconds.
INFO  21:40:22:398  get_screenshot: Screenshot took 0.42 seconds.
INFO  21:40:23:240  get_screenshot: Screenshot took 0.39 seconds.
INFO  21:40:24:113  get_screenshot: Screenshot took 0.42 seconds.
INFO  21:40:24:979  get_screenshot: Screenshot took 0.35 seconds.
INFO  21:40:25:912  get_screenshot: Screenshot took 0.36 seconds.
INFO  21:40:26:798  get_screenshot: Screenshot took 0.41 seconds.
INFO  21:40:27:644  get_screenshot: Screenshot took 0.40 seconds.
INFO  21:40:28:481  get_screenshot: Screenshot took 0.39 seconds.
INFO  21:40:29:344  get_screenshot: Screenshot took 0.40 seconds.
INFO  21:40:30:195  get_screenshot: Screenshot took 0.37 seconds.
INFO  21:40:31:480  get_screenshot: Screenshot took 0.38 seconds.
INFO  21:40:31:924  get_screenshot: Screenshot took 0.43 seconds.
INFO  21:40:32:739  get_screenshot: Screenshot took 0.38 seconds.
INFO  21:40:33:611  get_screenshot: Screenshot took 0.42 seconds.
INFO  21:40:34:462  get_screenshot: Screenshot took 0.38 seconds.
INFO  21:40:35:339  get_screenshot: Screenshot took 0.42 seconds.
INFO  21:40:36:244  get_screenshot: Screenshot took 0.47 seconds.
INFO  21:40:37:760  get_screenshot: Screenshot took 0.39 seconds.
INFO  22:06:48:661  get_screenshot: Screenshot took 0.79 seconds.
INFO  22:06:54:110  get_screenshot: Screenshot took 0.47 seconds.
INFO  22:06:54:964  get_screenshot: Screenshot took 0.48 seconds.
INFO  22:06:57:965  get_screenshot: Screenshot took 0.44 seconds.
INFO  22:06:58:835  get_screenshot: Screenshot took 0.42 seconds.
INFO  22:06:59:970  get_screenshot: Screenshot took 0.50 seconds.
INFO  22:07:00:883  get_screenshot: Screenshot took 0.45 seconds.
INFO  22:07:01:806  get_screenshot: Screenshot took 0.42 seconds.
INFO  22:07:02:726  get_screenshot: Screenshot took 0.45 seconds.
INFO  22:07:03:686  get_screenshot: Screenshot took 0.45 seconds.
INFO  22:07:04:581  get_screenshot: Screenshot took 0.42 seconds.
INFO  22:07:05:529  get_screenshot: Screenshot took 0.44 seconds.
INFO  22:07:06:443  get_screenshot: Screenshot took 0.42 seconds.
INFO  22:07:07:368  get_screenshot: Screenshot took 0.44 seconds.
INFO  22:07:08:276  get_screenshot: Screenshot took 0.47 seconds.
INFO  22:07:09:214  get_screenshot: Screenshot took 0.47 seconds.
INFO  22:07:10:950  get_screenshot: Screenshot took 0.42 seconds.
INFO  22:07:11:900  get_screenshot: Screenshot took 0.44 seconds.
INFO  22:07:11:961  get_screenshot: Screenshot took 0.42 seconds.
INFO  22:07:12:968  get_screenshot: Screenshot took 0.48 seconds.
INFO  22:07:13:850  get_screenshot: Screenshot took 0.46 seconds.
INFO  22:07:14:717  get_screenshot: Screenshot took 0.42 seconds.
INFO  22:07:15:669  get_screenshot: Screenshot took 0.43 seconds.
INFO  22:07:16:646  get_screenshot: Screenshot took 0.42 seconds.
INFO  22:07:17:590  get_screenshot: Screenshot took 0.46 seconds.
INFO  22:07:18:483  get_screenshot: Screenshot took 0.46 seconds.
INFO  22:07:19:593  get_screenshot: Screenshot took 0.57 seconds.
INFO  22:07:20:531  get_screenshot: Screenshot took 0.45 seconds.
INFO  22:07:21:470  get_screenshot: Screenshot took 0.42 seconds.
INFO  22:07:22:442  get_screenshot: Screenshot took 0.46 seconds.
INFO  22:07:23:325  get_screenshot: Screenshot took 0.42 seconds.
INFO  22:07:24:286  get_screenshot: Screenshot took 0.45 seconds.
INFO  22:07:25:227  get_screenshot: Screenshot took 0.46 seconds.
INFO  22:07:26:135  get_screenshot: Screenshot took 0.45 seconds.
INFO  22:07:27:166  get_screenshot: Screenshot took 0.47 seconds.
INFO  22:07:28:540  get_screenshot: Screenshot took 0.45 seconds.
INFO  22:07:28:963  get_screenshot: Screenshot took 0.42 seconds.
INFO  22:07:29:879  get_screenshot: Screenshot took 0.44 seconds.
INFO  22:07:30:778  get_screenshot: Screenshot took 0.45 seconds.
INFO  22:07:31:756  get_screenshot: Screenshot took 0.44 seconds.
INFO  22:07:32:686  get_screenshot: Screenshot took 0.44 seconds.
INFO  22:07:33:607  get_screenshot: Screenshot took 0.41 seconds.
INFO  22:07:34:502  get_screenshot: Screenshot took 0.42 seconds.
INFO  22:07:35:419  get_screenshot: Screenshot took 0.45 seconds.
INFO  22:07:36:323  get_screenshot: Screenshot took 0.45 seconds.
INFO  22:07:37:193  get_screenshot: Screenshot took 0.44 seconds.
INFO  22:07:38:105  get_screenshot: Screenshot took 0.41 seconds.
INFO  22:07:39:400  get_screenshot: Screenshot took 0.43 seconds.
INFO  22:07:39:948  get_screenshot: Screenshot took 0.44 seconds.
INFO  22:07:40:901  get_screenshot: Screenshot took 0.51 seconds.
INFO  22:07:42:106  get_screenshot: Screenshot took 0.56 seconds.
INFO  22:07:43:333  get_screenshot: Screenshot took 0.15 seconds.
INFO  22:07:44:325  get_screenshot: Screenshot took 0.15 seconds.
INFO  22:07:45:309  get_screenshot: Screenshot took 0.13 seconds.
INFO  22:07:46:309  get_screenshot: Screenshot took 0.13 seconds.
INFO  22:07:47:312  get_screenshot: Screenshot took 0.13 seconds.
INFO  22:07:48:502  get_screenshot: Screenshot took 0.66 seconds.
INFO  22:07:49:588  get_screenshot: Screenshot took 0.50 seconds.
INFO  22:07:56:660  get_screenshot: Screenshot took 6.00 seconds.
INFO  22:07:57:123  get_screenshot: Screenshot took 0.55 seconds.
INFO  22:07:58:167  get_screenshot: Screenshot took 0.49 seconds.
INFO  22:07:59:630  get_screenshot: Screenshot took 0.43 seconds.
INFO  22:07:59:996  get_screenshot: Screenshot took 0.49 seconds.
INFO  22:08:00:900  get_screenshot: Screenshot took 0.47 seconds.
INFO  22:08:01:812  get_screenshot: Screenshot took 0.43 seconds.
INFO  22:08:02:852  get_screenshot: Screenshot took 0.46 seconds.
INFO  22:08:09:343  get_screenshot: Screenshot took 5.95 seconds.
INFO  22:08:10:263  get_screenshot: Screenshot took 0.49 seconds.
INFO  22:08:11:340  get_screenshot: Screenshot took 0.49 seconds.
INFO  22:08:12:345  get_screenshot: Screenshot took 0.50 seconds.
INFO  22:08:13:338  get_screenshot: Screenshot took 0.49 seconds.
INFO  22:08:14:244  get_screenshot: Screenshot took 0.44 seconds.
INFO  22:08:15:190  get_screenshot: Screenshot took 0.46 seconds.
INFO  22:08:16:165  get_screenshot: Screenshot took 0.45 seconds.
INFO  22:08:17:145  get_screenshot: Screenshot took 0.54 seconds.
INFO  22:08:18:124  get_screenshot: Screenshot took 0.49 seconds.
INFO  22:08:19:250  get_screenshot: Screenshot took 0.45 seconds.
INFO  22:08:19:990  get_screenshot: Screenshot took 0.47 seconds.
INFO  22:08:21:730  get_screenshot: Screenshot took 0.57 seconds.
INFO  22:08:22:111  get_screenshot: Screenshot took 0.45 seconds.
INFO  22:08:23:201  get_screenshot: Screenshot took 0.45 seconds.
INFO  22:08:24:372  get_screenshot: Screenshot took 0.46 seconds.
INFO  22:08:27:571  get_screenshot: Screenshot took 0.52 seconds.
INFO  22:08:37:970  get_screenshot: Screenshot took 0.55 seconds.
INFO  22:08:38:295  get_screenshot: Screenshot took 0.52 seconds.
INFO  22:08:42:557  get_screenshot: Screenshot took 0.60 seconds.
INFO  22:08:43:524  get_screenshot: Screenshot took 0.45 seconds.
INFO  22:08:46:588  get_screenshot: Screenshot took 0.46 seconds.
INFO  22:08:47:497  get_screenshot: Screenshot took 0.49 seconds.
INFO  22:08:48:455  get_screenshot: Screenshot took 0.51 seconds.
INFO  22:08:49:431  get_screenshot: Screenshot took 0.46 seconds.
INFO  22:08:50:384  get_screenshot: Screenshot took 0.45 seconds.
INFO  22:08:51:297  get_screenshot: Screenshot took 0.43 seconds.
INFO  22:08:52:227  get_screenshot: Screenshot took 0.46 seconds.
INFO  22:08:53:173  get_screenshot: Screenshot took 0.47 seconds.
INFO  22:08:55:782  get_screenshot: Screenshot took 0.45 seconds.
INFO  22:08:59:605  get_screenshot: Screenshot took 0.53 seconds.
INFO  22:09:00:911  get_screenshot: Screenshot took 0.71 seconds.
INFO  22:09:04:321  get_screenshot: Screenshot took 0.85 seconds.
INFO  22:09:06:410  get_screenshot: Screenshot took 0.64 seconds.
INFO  22:09:07:450  get_screenshot: Screenshot took 0.46 seconds.
INFO  22:09:08:310  get_screenshot: Screenshot took 0.46 seconds.
INFO  22:09:09:140  get_screenshot: Screenshot took 0.49 seconds.
INFO  22:09:10:266  get_screenshot: Screenshot took 0.54 seconds.
INFO  22:09:11:304  get_screenshot: Screenshot took 0.47 seconds.
INFO  22:09:12:273  get_screenshot: Screenshot took 0.49 seconds.
INFO  22:09:13:216  get_screenshot: Screenshot took 0.50 seconds.
INFO  22:09:14:257  get_screenshot: Screenshot took 0.46 seconds.
INFO  22:09:15:300  get_screenshot: Screenshot took 0.60 seconds.
INFO  22:09:16:380  get_screenshot: Screenshot took 0.45 seconds.
INFO  22:09:17:334  get_screenshot: Screenshot took 0.44 seconds.
INFO  22:09:18:244  get_screenshot: Screenshot took 0.44 seconds.
INFO  22:09:19:157  get_screenshot: Screenshot took 0.47 seconds.
INFO  22:09:20:174  get_screenshot: Screenshot took 0.45 seconds.
INFO  22:09:21:261  get_screenshot: Screenshot took 0.64 seconds.
INFO  22:09:22:268  get_screenshot: Screenshot took 0.45 seconds.
INFO  22:09:23:201  get_screenshot: Screenshot took 0.45 seconds.
INFO  22:09:24:207  get_screenshot: Screenshot took 0.56 seconds.
INFO  22:09:25:151  get_screenshot: Screenshot took 0.45 seconds.
INFO  22:09:26:102  get_screenshot: Screenshot took 0.46 seconds.
INFO  22:09:27:390  get_screenshot: Screenshot took 0.69 seconds.
INFO  22:09:28:763  get_screenshot: Screenshot took 0.50 seconds.
INFO  22:09:29:970  get_screenshot: Screenshot took 0.58 seconds.
INFO  22:09:32:186  get_screenshot: Screenshot took 1.28 seconds.
INFO  22:09:34:822  get_screenshot: Screenshot took 1.43 seconds.
INFO  22:09:36:252  get_screenshot: Screenshot took 0.54 seconds.
INFO  22:09:37:733  get_screenshot: Screenshot took 0.77 seconds.
INFO  22:09:39:130  get_screenshot: Screenshot took 0.65 seconds.
INFO  22:09:40:622  get_screenshot: Screenshot took 1.01 seconds.
