DEBUG 23:59:06:296  initialize: webview_data,[object Object]
DEBUG 16:15:54:150  initialize: webview_data,[object Object]
DEBUG 16:19:09:690  initialize: webview_data,[object Object]
DEBUG 16:20:24:439  initialize: webview_data,[object Object]
DEBUG 16:20:58:501  initialize: webview_data,[object Object]
DEBUG 16:22:05:264  initialize: webview_data,[object Object]
DEBUG 16:24:18:184  initialize: webview_data,[object Object]
DEBUG 16:25:02:127  initialize: webview_data,[object Object]
DEBUG 16:26:42:264  initialize: webview_data,[object Object]
DEBUG 18:41:45:910  initialize: webview_data,[object Object]
DEBUG 21:24:57:245  initialize: webview_data,[object Object]
DEBUG 21:28:25:336  initialize: webview_data,[object Object]
DEBUG 21:29:09:540  initialize: webview_data,[object Object]
DEBUG 21:29:50:197  initialize: webview_data,[object Object]
DEBUG 21:30:53:418  initialize: webview_data,[object Object]
DEBUG 21:31:23:851  initialize: webview_data,[object Object]
DEBUG 21:31:41:793  initialize: webview_data,[object Object]
DEBUG 21:34:28:791  initialize: webview_data,[object Object]
DEBUG 22:06:53:535  initialize: webview_data,[object Object]
DEBUG 22:08:59:700  initialize: webview_data,[object Object]
DEBUG 18:16:27:949  initialize: webview_data,[object Object]
DEBUG 18:17:47:685  initialize: webview_data,[object Object]
DEBUG 18:18:54:365  initialize: webview_data,[object Object]
DEBUG 18:19:42:774  initialize: webview_data,[object Object]
DEBUG 18:22:10:900  initialize: webview_data,[object Object]
DEBUG 18:22:18:933  initialize: webview_data,[object Object]
DEBUG 18:26:58:888  initialize: webview_data,[object Object]
DEBUG 18:38:13:692  initialize: webview_data,[object Object]
DEBUG 18:39:27:466  initialize: webview_data,[object Object]
DEBUG 18:39:37:980  initialize: webview_data,[object Object]
DEBUG 19:22:25:763  initialize: webview_data,[object Object]
DEBUG 19:24:30:510  initialize: webview_data,[object Object]
DEBUG 19:25:00:480  initialize: webview_data,[object Object]
INFO  22:44:41:190  start: help,friends
INFO  22:45:54:273  start: help,friends
INFO  22:46:44:758  start: help,friends
INFO  22:49:20:902  start: help,friends
INFO  22:49:43:351  start: help,friends
INFO  22:50:57:514  start: help,friends
INFO  22:54:44:780  start: help,friends
INFO  23:00:30:690  start: help,friends
DEBUG 23:00:31:240  click_img: helping/friends,0.9187214374542236,868,865
DEBUG 23:00:32:292  click_img: navigation/first,0.9975131750106812,245,978
DEBUG 23:00:35:254  click_img: helping/help,0.7020086050033569,846,996
DEBUG 23:00:36:390  click_img: navigation/next,0.9963679909706116,913,945
INFO  23:02:21:306  start: help,friends
DEBUG 23:02:22:460  click_img: helping/friends,0.5646921396255493,172,1035
DEBUG 23:02:23:501  click_img: navigation/first,0.5559036731719971,245,1022
DEBUG 23:02:26:599  click_img: helping/help,0.3892817795276642,181,1040
DEBUG 23:02:27:666  click_img: navigation/next,0.48369932174682617,196,1038
INFO  23:04:31:552  start: help,friends
DEBUG 23:04:32:841  click_img: helping/friends,0.9187214374542236,868,865
DEBUG 23:04:33:870  click_img: navigation/first,0.9975141286849976,245,978
DEBUG 23:04:36:886  click_img: helping/help,0.7020086050033569,846,996
DEBUG 23:04:37:985  click_img: navigation/next,0.7347060441970825,915,978
INFO  23:04:55:696  start: help,friends
DEBUG 23:04:57:858  click_img: helping/friends,0.564674973487854,172,995
DEBUG 23:04:58:901  click_img: navigation/first,0.5559168457984924,245,982
DEBUG 23:05:02:150  click_img: helping/help,0.45234543085098267,631,980
DEBUG 23:05:03:657  click_img: navigation/next,0.4836728274822235,196,998
INFO  23:06:09:214  start: help,friends
DEBUG 23:06:10:348  click_img: helping/friends,0.9460657835006714,876,856
DEBUG 23:06:11:481  click_img: navigation/first,0.9842485785484314,247,970
DEBUG 23:06:14:803  click_img: helping/help,0.7163135409355164,853,988
DEBUG 23:06:16:166  click_img: navigation/next,0.9523523449897766,921,936
INFO  23:06:30:630  start: help,friends
DEBUG 23:06:31:770  click_img: helping/friends,0.5815949440002441,173,987
DEBUG 23:06:32:540  click_img: navigation/first,0.5366188287734985,247,974
DEBUG 23:06:35:120  click_img: helping/help,0.8957969546318054,314,989
DEBUG 23:06:35:957  click_img: helping/help,0.9016079306602478,314,989
DEBUG 23:06:37:500  click_img: helping/help,0.8924733996391296,637,989
DEBUG 23:06:38:104  click_img: navigation/next,0.48867425322532654,327,988
INFO  23:06:59:584  start: help,friends
DEBUG 23:07:00:666  click_img: helping/friends,0.9460657835006714,876,856
DEBUG 23:07:01:946  click_img: navigation/first,0.9842481017112732,247,970
DEBUG 23:07:05:324  click_img: helping/help,0.7163135409355164,853,988
DEBUG 23:07:07:423  click_img: navigation/next,0.9523519277572632,921,936
INFO  23:09:00:448  start: help,friends
DEBUG 23:09:02:151  click_img: helping/friends,0.5646921396255493,172,1035
DEBUG 23:09:03:382  click_img: navigation/first,0.5559036731719971,245,1022
DEBUG 23:09:06:586  click_img: helping/help,0.45239219069480896,631,1020
DEBUG 23:09:07:530  click_img: navigation/next,0.48369932174682617,196,1038
INFO  23:09:20:588  start: help,friends
DEBUG 23:09:21:713  click_img: helping/friends,0.9187214374542236,868,865
DEBUG 23:09:23:443  click_img: navigation/first,0.9975136518478394,245,978
DEBUG 23:09:26:654  click_img: helping/help,0.7020086050033569,846,996
DEBUG 23:09:27:720  click_img: navigation/next,0.9963679909706116,913,945
DEBUG 23:09:30:835  click_img: helping/help,0.8583771586418152,419,997
DEBUG 23:09:32:490  click_img: navigation/next,0.9962746500968933,913,945
INFO  23:12:56:138  start: help,friends
DEBUG 23:12:57:288  click_img: helping/friends,0.9187214374542236,868,865
DEBUG 23:12:58:349  click_img: navigation/first,0.9975131750106812,245,978
DEBUG 23:13:01:593  click_img: helping/help,0.7020086050033569,846,996
DEBUG 23:13:02:732  click_img: navigation/next,0.9963679909706116,913,945
INFO  23:13:17:669  start: help,friends
DEBUG 23:13:18:706  click_img: helping/friends,0.9187214374542236,868,865
DEBUG 23:13:19:767  click_img: navigation/first,0.9975136518478394,245,978
DEBUG 23:13:22:690  click_img: helping/help,0.7020096778869629,846,996
DEBUG 23:13:23:798  click_img: navigation/next,0.9963687658309937,913,945
DEBUG 23:13:25:773  click_img: helping/help,0.8806801438331604,311,997
DEBUG 23:13:26:868  click_img: helping/help,0.8930374979972839,311,997
DEBUG 23:13:27:984  click_img: helping/help,0.8806372284889221,739,997
DEBUG 23:13:29:162  click_img: navigation/next,0.9962752461433411,913,945
INFO  23:13:38:769  start: help,friends
DEBUG 23:13:39:731  click_img: helping/friends,0.8775262832641602,868,865
DEBUG 23:13:40:740  click_img: navigation/first,0.9975141286849976,245,978
DEBUG 23:13:43:716  click_img: helping/help,0.7020096778869629,846,996
DEBUG 23:13:44:775  click_img: navigation/next,0.9963687658309937,913,945
INFO  23:14:30:180  start: help,friends
INFO  23:15:07:782  start: help,friends
DEBUG 23:15:08:756  click_img: helping/friends,0.8775262832641602,868,865
DEBUG 23:15:09:666  click_img: navigation/first,0.9975141286849976,245,978
DEBUG 23:15:13:280  click_img: helping/help,0.7020096778869629,846,996
DEBUG 23:15:14:690  click_img: navigation/next,0.8256627321243286,913,945
INFO  23:15:26:658  start: help,friends
DEBUG 23:15:27:620  click_img: helping/friends,0.9187219142913818,868,865
DEBUG 23:15:28:620  click_img: navigation/first,0.9975136518478394,245,978
DEBUG 23:15:31:666  click_img: helping/help,0.7020086050033569,846,996
DEBUG 23:15:32:667  click_img: navigation/next,0.9963679909706116,913,945
DEBUG 23:15:34:595  click_img: helping/help,0.8806350231170654,525,997
DEBUG 23:15:35:521  click_img: helping/help,0.8929439783096313,525,997
DEBUG 23:15:36:519  click_img: helping/help,0.8788633942604065,632,997
DEBUG 23:15:37:581  click_img: helping/help,0.8906450867652893,632,997
DEBUG 23:15:38:619  click_img: helping/help,0.7020086050033569,846,996
DEBUG 23:15:39:970  click_img: navigation/next,0.9963687658309937,913,945
DEBUG 23:15:40:951  click_img: helping/help,0.8904173374176025,311,997
DEBUG 23:15:42:100  click_img: helping/help,0.9037553668022156,311,997
DEBUG 23:15:42:978  click_img: helping/help,0.8903733491897583,739,997
DEBUG 23:15:43:947  click_img: helping/help,0.9036619067192078,739,997
DEBUG 23:15:44:994  click_img: helping/help,0.8881022334098816,418,997
DEBUG 23:15:46:121  click_img: helping/help,0.9009594917297363,418,997
DEBUG 23:15:47:230  click_img: helping/help,0.8881022334098816,632,997
DEBUG 23:15:48:264  click_img: helping/help,0.9009594917297363,632,997
DEBUG 23:15:49:367  click_img: helping/help,0.7020096778869629,846,996
DEBUG 23:15:50:424  click_img: navigation/next,0.9963679909706116,913,945
DEBUG 23:15:51:490  click_img: helping/help,0.8904173374176025,311,997
DEBUG 23:15:52:564  click_img: helping/help,0.9037560820579529,311,997
DEBUG 23:15:53:519  click_img: helping/help,0.8903744220733643,739,997
DEBUG 23:15:54:601  click_img: helping/help,0.9036632776260376,739,997
DEBUG 23:15:55:559  click_img: helping/help,0.8903733491897583,525,997
DEBUG 23:15:56:703  click_img: helping/help,0.9036632776260376,525,997
DEBUG 23:15:57:713  click_img: helping/help,0.8881022334098816,418,997
DEBUG 23:15:58:737  click_img: helping/help,0.900958776473999,418,997
DEBUG 23:15:59:766  click_img: helping/help,0.8881022334098816,632,997
DEBUG 23:16:00:772  click_img: helping/help,0.9009594917297363,632,997
DEBUG 23:16:01:784  click_img: helping/help,0.7020086050033569,846,996
DEBUG 23:16:02:785  click_img: navigation/next,0.9963679909706116,913,945
DEBUG 23:16:03:796  click_img: helping/help,0.8583760857582092,419,997
DEBUG 23:16:04:839  click_img: helping/help,0.8709894418716431,419,997
DEBUG 23:16:05:869  click_img: helping/help,0.8583760857582092,633,997
DEBUG 23:16:06:880  click_img: helping/help,0.8709894418716431,633,997
DEBUG 23:16:07:912  click_img: helping/help,0.857904314994812,312,997
DEBUG 23:16:08:905  click_img: helping/help,0.8708333373069763,312,997
DEBUG 23:16:09:929  click_img: helping/help,0.857904314994812,740,997
DEBUG 23:16:11:290  click_img: helping/help,0.8708333373069763,740,997
DEBUG 23:16:12:770  click_img: helping/help,0.857904314994812,526,997
DEBUG 23:16:13:107  click_img: helping/help,0.8708333373069763,526,997
DEBUG 23:16:14:136  click_img: helping/help,0.7020096778869629,846,996
DEBUG 23:16:15:158  click_img: navigation/next,0.9963679909706116,913,945
DEBUG 23:16:16:204  click_img: helping/help,0.8583760857582092,419,997
DEBUG 23:16:17:271  click_img: helping/help,0.8709894418716431,419,997
DEBUG 23:16:18:271  click_img: helping/help,0.8583750128746033,633,997
DEBUG 23:16:19:318  click_img: helping/help,0.8709894418716431,633,997
DEBUG 23:16:20:313  click_img: helping/help,0.857903242111206,312,997
DEBUG 23:16:21:370  click_img: helping/help,0.8708340525627136,312,997
DEBUG 23:16:22:425  click_img: helping/help,0.857904314994812,740,997
DEBUG 23:16:23:413  click_img: helping/help,0.8708333373069763,740,997
DEBUG 23:16:24:429  click_img: helping/help,0.7020086050033569,846,996
DEBUG 23:16:25:379  click_img: navigation/next,0.9963679909706116,913,945
DEBUG 23:16:26:380  click_img: helping/help,0.8924878835678101,311,997
DEBUG 23:16:27:628  click_img: helping/help,0.9060174822807312,311,997
DEBUG 23:16:28:616  click_img: helping/help,0.8924446105957031,739,997
DEBUG 23:16:29:721  click_img: helping/help,0.9059231281280518,739,997
DEBUG 23:16:30:732  click_img: helping/help,0.8924446105957031,525,997
DEBUG 23:16:31:749  click_img: helping/help,0.9059238433837891,525,997
DEBUG 23:16:32:786  click_img: helping/help,0.8900741934776306,418,997
DEBUG 23:16:33:775  click_img: helping/help,0.902995765209198,418,997
DEBUG 23:16:34:782  click_img: helping/help,0.8900741934776306,632,997
DEBUG 23:16:35:716  click_img: helping/help,0.9029964208602905,632,997
DEBUG 23:16:36:753  click_img: helping/help,0.7020086050033569,846,996
DEBUG 23:16:37:730  click_img: navigation/next,0.9963679909706116,913,945
DEBUG 23:16:38:671  click_img: helping/help,0.8924878835678101,311,997
DEBUG 23:16:39:697  click_img: helping/help,0.9060181975364685,311,997
DEBUG 23:16:40:583  click_img: helping/help,0.8924435377120972,739,997
DEBUG 23:16:41:583  click_img: helping/help,0.9059238433837891,739,997
DEBUG 23:16:42:579  click_img: helping/help,0.8924446105957031,525,997
DEBUG 23:16:43:714  click_img: helping/help,0.9059231281280518,525,997
DEBUG 23:16:44:689  click_img: helping/help,0.8900741934776306,418,997
DEBUG 23:16:45:724  click_img: helping/help,0.902995765209198,418,997
DEBUG 23:16:46:766  click_img: helping/help,0.8900741934776306,632,997
DEBUG 23:16:47:743  click_img: helping/help,0.902995765209198,632,997
DEBUG 23:16:48:784  click_img: helping/help,0.7020096778869629,846,996
DEBUG 23:16:49:770  click_img: navigation/next,0.9963672161102295,913,945
DEBUG 23:16:50:816  click_img: helping/help,0.9015167355537415,311,997
DEBUG 23:16:51:839  click_img: helping/help,0.9166237711906433,311,997
DEBUG 23:16:52:822  click_img: helping/help,0.9014720916748047,525,997
DEBUG 23:16:53:876  click_img: helping/help,0.9165290594100952,525,997
DEBUG 23:16:54:911  click_img: helping/help,0.9014720916748047,739,997
DEBUG 23:16:55:913  click_img: helping/help,0.9165276885032654,739,997
DEBUG 23:16:56:891  click_img: helping/help,0.8992102742195129,418,997
DEBUG 23:16:57:926  click_img: helping/help,0.9138197898864746,418,997
DEBUG 23:16:58:931  click_img: helping/help,0.8992102742195129,632,997
DEBUG 23:17:00:200  click_img: helping/help,0.9138205051422119,632,997
DEBUG 23:17:01:910  click_img: helping/help,0.7020096778869629,846,996
DEBUG 23:17:02:105  click_img: navigation/next,0.9963679909706116,913,945
DEBUG 23:17:03:213  click_img: helping/help,0.8862792253494263,419,997
DEBUG 23:17:04:246  click_img: helping/help,0.9014432430267334,419,997
DEBUG 23:17:05:214  click_img: helping/help,0.8862781524658203,633,997
DEBUG 23:17:06:176  click_img: helping/help,0.9014432430267334,633,997
DEBUG 23:17:07:177  click_img: helping/help,0.885346531867981,312,997
DEBUG 23:17:08:251  click_img: helping/help,0.9006803035736084,312,997
DEBUG 23:17:09:261  click_img: helping/help,0.8853476047515869,526,997
DEBUG 23:17:10:261  click_img: helping/help,0.9006809592247009,526,997
DEBUG 23:17:11:286  click_img: helping/help,0.885346531867981,740,997
DEBUG 23:17:12:415  click_img: helping/help,0.9006809592247009,740,997
DEBUG 23:17:13:641  click_img: helping/help,0.7020086050033569,846,996
DEBUG 23:17:14:630  click_img: navigation/next,0.9963679909706116,913,945
DEBUG 23:17:15:690  click_img: helping/help,0.8862792253494263,419,997
DEBUG 23:17:16:671  click_img: helping/help,0.9014425873756409,419,997
DEBUG 23:17:17:699  click_img: helping/help,0.8862781524658203,633,997
DEBUG 23:17:18:841  click_img: helping/help,0.9014439582824707,633,997
DEBUG 23:17:19:836  click_img: helping/help,0.8853476047515869,740,997
DEBUG 23:17:21:112  click_img: helping/help,0.9006809592247009,740,997
DEBUG 23:17:22:493  click_img: helping/help,0.885346531867981,312,997
DEBUG 23:17:23:645  click_img: helping/help,0.9006809592247009,312,997
DEBUG 23:17:24:710  click_img: helping/help,0.8853476047515869,526,997
DEBUG 23:17:26:700  click_img: helping/help,0.9006809592247009,526,997
DEBUG 23:17:27:547  click_img: helping/help,0.7020096778869629,846,996
DEBUG 23:17:28:509  click_img: navigation/next,0.9963679909706116,913,945
DEBUG 23:17:29:522  click_img: helping/help,0.8583760857582092,633,997
DEBUG 23:17:30:541  click_img: helping/help,0.8709901571273804,633,997
DEBUG 23:17:31:539  click_img: helping/help,0.8583771586418152,419,997
DEBUG 23:17:32:540  click_img: helping/help,0.8709901571273804,419,997
DEBUG 23:17:33:508  click_img: helping/help,0.857904314994812,312,997
DEBUG 23:17:34:486  click_img: helping/help,0.8708340525627136,312,997
DEBUG 23:17:35:428  click_img: helping/help,0.857904314994812,526,997
DEBUG 23:17:36:499  click_img: helping/help,0.8708333373069763,526,997
DEBUG 23:17:37:522  click_img: helping/help,0.857904314994812,740,997
DEBUG 23:17:38:593  click_img: helping/help,0.8708333373069763,740,997
DEBUG 23:17:39:658  click_img: helping/help,0.7020086050033569,846,996
DEBUG 23:17:40:736  click_img: navigation/next,0.9963679909706116,913,945
DEBUG 23:17:41:786  click_img: helping/help,0.892488956451416,311,997
DEBUG 23:17:42:762  click_img: helping/help,0.9060174822807312,311,997
DEBUG 23:17:43:724  click_img: helping/help,0.8924446105957031,739,997
DEBUG 23:17:44:742  click_img: helping/help,0.9059238433837891,739,997
DEBUG 23:17:45:759  click_img: helping/help,0.8924457430839539,525,997
DEBUG 23:17:46:763  click_img: helping/help,0.9059231281280518,525,997
DEBUG 23:17:47:779  click_img: helping/help,0.8900741934776306,418,997
DEBUG 23:17:48:820  click_img: helping/help,0.902995765209198,418,997
DEBUG 23:17:49:818  click_img: helping/help,0.8900741934776306,632,997
DEBUG 23:17:50:800  click_img: helping/help,0.902995765209198,632,997
DEBUG 23:17:51:782  click_img: helping/help,0.7020096778869629,846,996
DEBUG 23:17:52:822  click_img: navigation/next,0.9963679909706116,913,945
DEBUG 23:17:53:836  click_img: helping/help,0.8924878835678101,311,997
DEBUG 23:17:54:790  click_img: helping/help,0.9060174822807312,311,997
DEBUG 23:17:55:870  click_img: helping/help,0.8924446105957031,739,997
DEBUG 23:17:56:978  click_img: helping/help,0.9059238433837891,739,997
DEBUG 23:17:57:896  click_img: helping/help,0.8924435377120972,525,997
DEBUG 23:17:58:886  click_img: helping/help,0.9059238433837891,525,997
DEBUG 23:17:59:955  click_img: helping/help,0.8900741934776306,418,997
DEBUG 23:18:01:150  click_img: helping/help,0.902995765209198,418,997
DEBUG 23:18:02:730  click_img: helping/help,0.8900731205940247,632,997
DEBUG 23:18:03:166  click_img: helping/help,0.902995765209198,632,997
DEBUG 23:18:04:193  click_img: helping/help,0.7020096778869629,846,996
DEBUG 23:18:05:181  click_img: navigation/next,0.9963679909706116,913,945
DEBUG 23:18:06:403  click_img: helping/help,0.8862781524658203,419,997
DEBUG 23:18:07:440  click_img: helping/help,0.9014439582824707,419,997
DEBUG 23:18:08:488  click_img: helping/help,0.8862781524658203,633,997
DEBUG 23:18:09:498  click_img: helping/help,0.9014432430267334,633,997
DEBUG 23:18:10:554  click_img: helping/help,0.885346531867981,312,997
DEBUG 23:18:11:543  click_img: helping/help,0.9006803035736084,312,997
DEBUG 23:18:12:738  click_img: helping/help,0.8853476047515869,526,997
DEBUG 23:18:13:827  click_img: helping/help,0.9006809592247009,526,997
DEBUG 23:18:14:857  click_img: helping/help,0.885346531867981,740,997
DEBUG 23:18:15:896  click_img: helping/help,0.9006809592247009,740,997
DEBUG 23:18:16:903  click_img: helping/help,0.7020086050033569,846,996
DEBUG 23:18:17:865  click_img: navigation/next,0.9963679909706116,913,945
DEBUG 23:18:18:862  click_img: helping/help,0.8886743187904358,525,997
DEBUG 23:18:19:935  click_img: helping/help,0.9017383456230164,525,997
DEBUG 23:18:20:940  click_img: helping/help,0.8886753916740417,739,997
DEBUG 23:18:21:930  click_img: helping/help,0.9017390608787537,739,997
DEBUG 23:18:22:967  click_img: helping/help,0.8868896961212158,632,997
DEBUG 23:18:23:968  click_img: helping/help,0.8995733857154846,632,997
DEBUG 23:18:24:978  click_img: helping/help,0.8868886232376099,418,997
DEBUG 23:18:25:965  click_img: helping/help,0.8995733857154846,418,997
DEBUG 23:18:26:976  click_img: helping/help,0.7020086050033569,846,996
DEBUG 23:18:27:974  click_img: navigation/next,0.9963679909706116,913,945
DEBUG 23:18:28:954  click_img: helping/help,0.7020086050033569,846,996
DEBUG 23:18:29:910  click_img: navigation/next,0.9963679909706116,913,945
INFO  23:18:30:963  start: tavern,friends
DEBUG 23:18:31:860  click_img: helping/friends,0.8775267004966736,868,865
DEBUG 23:18:32:927  click_img: navigation/first,0.9975136518478394,245,978
DEBUG 23:18:35:894  click_img: helping/tavern,0.9329370856285095,350,975
DEBUG 23:18:36:803  click_img: helping/tavern,0.9345166087150574,350,975
DEBUG 23:18:37:940  click_img: helping/tavern,0.9332287311553955,350,975
DEBUG 23:18:38:901  click_img: helping/tavern,0.9313859343528748,564,975
DEBUG 23:18:40:145  click_img: helping/tavern,0.9345162510871887,564,975
DEBUG 23:18:41:152  click_img: helping/tavern,0.9290024042129517,457,975
DEBUG 23:18:42:166  click_img: helping/tavern,0.9322248101234436,457,975
DEBUG 23:18:43:206  click_img: helping/tavern,0.7444360852241516,350,975
DEBUG 23:18:44:201  click_img: navigation/next,0.9963679909706116,913,945
DEBUG 23:18:45:338  click_img: helping/tavern,0.9329370856285095,350,975
DEBUG 23:18:46:450  click_img: helping/tavern,0.9345173239707947,350,975
DEBUG 23:18:47:616  click_img: helping/tavern,0.9304776787757874,457,975
DEBUG 23:18:48:783  click_img: helping/tavern,0.9322251677513123,457,975
DEBUG 23:18:49:754  click_img: helping/tavern,0.7444366216659546,350,975
DEBUG 23:18:50:696  click_img: navigation/next,0.9963679909706116,913,945
DEBUG 23:18:51:647  click_img: helping/tavern,0.9329375624656677,350,975
DEBUG 23:18:52:641  click_img: helping/tavern,0.9345162510871887,350,975
DEBUG 23:18:53:596  click_img: helping/tavern,0.9329370856285095,778,975
DEBUG 23:18:54:536  click_img: helping/tavern,0.9345162510871887,778,975
DEBUG 23:18:55:472  click_img: helping/tavern,0.9304776787757874,457,975
DEBUG 23:18:56:366  click_img: helping/tavern,0.9322248101234436,457,975
DEBUG 23:18:57:347  click_img: helping/tavern,0.7444366216659546,350,975
DEBUG 23:18:58:203  click_img: navigation/next,0.9963679909706116,913,945
DEBUG 23:18:59:145  click_img: helping/tavern,0.9329380989074707,778,975
DEBUG 23:19:00:164  click_img: helping/tavern,0.9345162510871887,778,975
DEBUG 23:19:01:760  click_img: helping/tavern,0.9329375624656677,350,975
DEBUG 23:19:02:410  click_img: helping/tavern,0.9345162510871887,350,975
DEBUG 23:19:02:991  click_img: helping/tavern,0.9304776787757874,457,975
DEBUG 23:19:03:910  click_img: helping/tavern,0.9322248101234436,457,975
DEBUG 23:19:04:834  click_img: helping/tavern,0.9304771423339844,671,975
DEBUG 23:19:05:801  click_img: helping/tavern,0.9322255253791809,671,975
DEBUG 23:19:06:940  click_img: helping/tavern,0.7444366216659546,778,975
DEBUG 23:19:07:800  click_img: navigation/next,0.9963679909706116,913,945
DEBUG 23:19:08:756  click_img: helping/tavern,0.9329375624656677,350,975
DEBUG 23:19:09:756  click_img: helping/tavern,0.9345162510871887,350,975
DEBUG 23:19:10:742  click_img: helping/tavern,0.9304776787757874,457,975
DEBUG 23:19:11:942  click_img: helping/tavern,0.9322248101234436,457,975
DEBUG 23:19:12:852  click_img: helping/tavern,0.9304776787757874,671,975
DEBUG 23:19:13:992  click_img: helping/tavern,0.9322255253791809,671,975
DEBUG 23:19:15:114  click_img: helping/tavern,0.7444360852241516,350,975
DEBUG 23:19:16:780  click_img: navigation/next,0.9963679909706116,913,945
DEBUG 23:19:17:250  click_img: helping/tavern,0.9329375624656677,778,975
DEBUG 23:19:18:470  click_img: helping/tavern,0.9345158934593201,778,975
DEBUG 23:19:19:200  click_img: helping/tavern,0.9304771423339844,457,975
DEBUG 23:19:19:977  click_img: helping/tavern,0.9322255253791809,457,975
DEBUG 23:19:20:955  click_img: helping/tavern,0.7444360852241516,350,975
DEBUG 23:19:21:944  click_img: navigation/next,0.9963679909706116,913,945
DEBUG 23:19:22:900  click_img: helping/tavern,0.9329375624656677,564,975
DEBUG 23:19:23:951  click_img: helping/tavern,0.9345162510871887,564,975
DEBUG 23:19:25:120  click_img: helping/tavern,0.9329375624656677,350,975
DEBUG 23:19:26:120  click_img: helping/tavern,0.9345162510871887,350,975
DEBUG 23:19:27:232  click_img: helping/tavern,0.9329375624656677,778,975
DEBUG 23:19:28:270  click_img: helping/tavern,0.9345162510871887,778,975
DEBUG 23:19:29:197  click_img: helping/tavern,0.9290032386779785,457,975
DEBUG 23:19:30:163  click_img: helping/tavern,0.9322240948677063,457,975
DEBUG 23:19:31:830  click_img: helping/tavern,0.9304776787757874,671,975
DEBUG 23:19:32:175  click_img: helping/tavern,0.9322248101234436,671,975
DEBUG 23:19:33:173  click_img: helping/tavern,0.7444366216659546,564,975
DEBUG 23:19:34:136  click_img: navigation/next,0.9963679909706116,913,945
DEBUG 23:19:35:137  click_img: helping/tavern,0.9329375624656677,350,975
DEBUG 23:19:36:313  click_img: helping/tavern,0.9345158934593201,350,975
DEBUG 23:19:37:218  click_img: helping/tavern,0.9329365491867065,564,975
DEBUG 23:19:38:950  click_img: helping/tavern,0.9345166087150574,564,975
DEBUG 23:19:39:230  click_img: helping/tavern,0.9313867688179016,778,975
DEBUG 23:19:39:897  click_img: helping/tavern,0.9345158934593201,778,975
DEBUG 23:19:40:789  click_img: helping/tavern,0.9304776787757874,671,975
DEBUG 23:19:41:698  click_img: helping/tavern,0.9322248101234436,671,975
DEBUG 23:19:42:533  click_img: helping/tavern,0.7444371581077576,564,975
DEBUG 23:19:43:391  click_img: navigation/next,0.9963672161102295,913,945
DEBUG 23:19:44:254  click_img: helping/tavern,0.9329370856285095,564,975
DEBUG 23:19:45:186  click_img: helping/tavern,0.9345162510871887,564,975
DEBUG 23:19:46:560  click_img: helping/tavern,0.9304776787757874,457,975
DEBUG 23:19:46:923  click_img: helping/tavern,0.9322248101234436,457,975
DEBUG 23:19:47:776  click_img: helping/tavern,0.7444366216659546,564,975
DEBUG 23:19:48:636  click_img: navigation/next,0.9963679909706116,913,945
DEBUG 23:19:49:543  click_img: helping/tavern,0.9329375624656677,564,975
DEBUG 23:19:50:584  click_img: helping/tavern,0.9345162510871887,564,975
DEBUG 23:19:51:369  click_img: helping/tavern,0.9313859343528748,778,975
DEBUG 23:19:52:282  click_img: helping/tavern,0.9345166087150574,778,975
DEBUG 23:19:53:142  click_img: helping/tavern,0.9304776787757874,457,975
DEBUG 23:19:54:370  click_img: helping/tavern,0.9322248101234436,457,975
DEBUG 23:19:54:876  click_img: helping/tavern,0.9290024042129517,671,975
DEBUG 23:19:55:731  click_img: helping/tavern,0.9322251677513123,671,975
DEBUG 23:19:56:620  click_img: helping/tavern,0.7444360852241516,350,975
DEBUG 23:19:57:473  click_img: navigation/next,0.9963679909706116,913,945
DEBUG 23:19:58:312  click_img: helping/tavern,0.9329375624656677,564,975
DEBUG 23:19:59:419  click_img: helping/tavern,0.9345162510871887,564,975
DEBUG 23:20:00:421  click_img: helping/tavern,0.9329370856285095,350,975
DEBUG 23:20:01:318  click_img: helping/tavern,0.934516966342926,350,975
DEBUG 23:20:02:178  click_img: helping/tavern,0.9313859343528748,778,975
DEBUG 23:20:03:144  click_img: helping/tavern,0.9345162510871887,778,975
DEBUG 23:20:04:340  click_img: helping/tavern,0.9304766058921814,457,975
DEBUG 23:20:04:938  click_img: helping/tavern,0.9322251677513123,457,975
DEBUG 23:20:05:826  click_img: helping/tavern,0.9304776787757874,671,975
DEBUG 23:20:06:747  click_img: helping/tavern,0.9322240948677063,671,975
DEBUG 23:20:07:559  click_img: helping/tavern,0.7444366216659546,778,975
DEBUG 23:20:08:436  click_img: navigation/next,0.9963679909706116,913,945
DEBUG 23:20:09:313  click_img: helping/tavern,0.9329375624656677,350,975
DEBUG 23:20:10:244  click_img: helping/tavern,0.934516966342926,350,975
DEBUG 23:20:11:660  click_img: helping/tavern,0.9290024042129517,457,975
DEBUG 23:20:12:480  click_img: helping/tavern,0.9322255253791809,457,975
DEBUG 23:20:12:902  click_img: helping/tavern,0.7424176931381226,350,975
DEBUG 23:20:13:799  click_img: navigation/next,0.9963687658309937,913,945
DEBUG 23:20:14:651  click_img: helping/tavern,0.9329375624656677,564,975
DEBUG 23:20:15:554  click_img: helping/tavern,0.9345162510871887,564,975
DEBUG 23:20:16:382  click_img: helping/tavern,0.9329370856285095,350,975
DEBUG 23:20:17:281  click_img: helping/tavern,0.9345166087150574,350,975
DEBUG 23:20:18:167  click_img: helping/tavern,0.9304776787757874,671,975
DEBUG 23:20:19:390  click_img: helping/tavern,0.9322255253791809,671,975
DEBUG 23:20:19:880  click_img: helping/tavern,0.9290024042129517,457,975
DEBUG 23:20:20:921  click_img: helping/tavern,0.932224452495575,457,975
DEBUG 23:20:21:792  click_img: helping/tavern,0.7444366216659546,350,975
DEBUG 23:20:22:677  click_img: navigation/next,0.9963679909706116,913,945
DEBUG 23:20:23:526  click_img: helping/tavern,0.7444366216659546,350,975
DEBUG 23:20:24:445  click_img: navigation/next,0.9963679909706116,913,945
DEBUG 23:20:26:212  click_img: helping/tavern,0.9329375624656677,564,975
DEBUG 23:20:27:890  click_img: helping/tavern,0.9345166087150574,564,975
DEBUG 23:20:27:972  click_img: helping/tavern,0.7444360852241516,350,975
DEBUG 23:20:28:811  click_img: navigation/next,0.9963679909706116,913,945
DEBUG 23:20:29:729  click_img: helping/tavern,0.7444366216659546,350,975
DEBUG 23:20:30:553  click_img: navigation/next,0.9963679909706116,913,945
INFO  23:20:31:502  start: help,guild
DEBUG 23:20:32:375  click_img: helping/guild,0.9962241649627686,804,865
DEBUG 23:20:33:241  click_img: navigation/first,0.9975136518478394,245,978
DEBUG 23:20:36:103  click_img: helping/help,0.9014720916748047,739,997
DEBUG 23:20:36:950  click_img: helping/help,0.9165290594100952,739,997
DEBUG 23:20:37:823  click_img: helping/help,0.5919443368911743,849,997
DEBUG 23:20:38:650  click_img: navigation/next,0.9963679909706116,913,945
DEBUG 23:20:39:548  click_img: helping/help,0.8924446105957031,525,997
DEBUG 23:20:40:414  click_img: helping/help,0.9059238433837891,525,997
DEBUG 23:20:41:295  click_img: helping/help,0.5919443368911743,849,997
DEBUG 23:20:42:112  click_img: navigation/next,0.9963679909706116,913,945
DEBUG 23:20:43:180  click_img: helping/help,0.9015178084373474,311,997
DEBUG 23:20:44:540  click_img: helping/help,0.9166237711906433,311,997
DEBUG 23:20:44:994  click_img: helping/help,0.9014731645584106,525,997
DEBUG 23:20:45:862  click_img: helping/help,0.9165297746658325,525,997
DEBUG 23:20:46:687  click_img: helping/help,0.9014720916748047,739,997
DEBUG 23:20:47:571  click_img: helping/help,0.9165290594100952,739,997
DEBUG 23:20:48:462  click_img: helping/help,0.899209201335907,418,997
DEBUG 23:20:49:417  click_img: helping/help,0.9138197898864746,418,997
DEBUG 23:20:50:286  click_img: helping/help,0.8992102742195129,632,997
DEBUG 23:20:51:108  click_img: helping/help,0.9138205051422119,632,997
DEBUG 23:20:52:104  click_img: helping/help,0.5919443368911743,849,997
DEBUG 23:20:52:982  click_img: navigation/next,0.9963679909706116,913,945
DEBUG 23:20:53:826  click_img: helping/help,0.9015167355537415,311,997
DEBUG 23:20:54:667  click_img: helping/help,0.9166237711906433,311,997
DEBUG 23:20:55:556  click_img: helping/help,0.9014720916748047,525,997
DEBUG 23:20:56:392  click_img: helping/help,0.9165290594100952,525,997
DEBUG 23:20:57:267  click_img: helping/help,0.9014720916748047,739,997
DEBUG 23:20:58:137  click_img: helping/help,0.9165290594100952,739,997
DEBUG 23:20:59:128  click_img: helping/help,0.8992113471031189,418,997
DEBUG 23:20:59:983  click_img: helping/help,0.9138197898864746,418,997
DEBUG 23:21:00:847  click_img: helping/help,0.899209201335907,632,997
DEBUG 23:21:01:692  click_img: helping/help,0.9138205051422119,632,997
DEBUG 23:21:02:603  click_img: helping/help,0.5919443368911743,849,997
DEBUG 23:21:03:511  click_img: navigation/next,0.9963672161102295,913,945
DEBUG 23:21:04:387  click_img: helping/help,0.8862792253494263,419,997
DEBUG 23:21:05:184  click_img: helping/help,0.9014432430267334,419,997
DEBUG 23:21:06:105  click_img: helping/help,0.8862792253494263,633,997
DEBUG 23:21:06:977  click_img: helping/help,0.9014432430267334,633,997
DEBUG 23:21:07:830  click_img: helping/help,0.885346531867981,312,997
DEBUG 23:21:08:659  click_img: helping/help,0.9006809592247009,312,997
DEBUG 23:21:09:618  click_img: helping/help,0.885346531867981,526,997
DEBUG 23:21:10:505  click_img: helping/help,0.9006809592247009,526,997
DEBUG 23:21:11:430  click_img: helping/help,0.5919443368911743,849,997
DEBUG 23:21:12:391  click_img: navigation/next,0.9963679909706116,913,945
DEBUG 23:21:13:409  click_img: helping/help,0.8671848177909851,633,997
DEBUG 23:21:14:341  click_img: helping/help,0.8815765380859375,633,997
DEBUG 23:21:15:382  click_img: helping/help,0.8667120933532715,740,997
DEBUG 23:21:16:237  click_img: helping/help,0.8803656101226807,740,997
DEBUG 23:21:17:212  click_img: helping/help,0.5919443368911743,849,997
DEBUG 23:21:18:101  click_img: navigation/next,0.9963687658309937,913,945
DEBUG 23:21:18:960  click_img: helping/help,0.9040784239768982,311,997
DEBUG 23:21:19:844  click_img: helping/help,0.9193505048751831,311,997
DEBUG 23:21:20:692  click_img: helping/help,0.9040326476097107,525,997
DEBUG 23:21:21:578  click_img: helping/help,0.9192544221878052,525,997
DEBUG 23:21:22:487  click_img: helping/help,0.9040315747261047,739,997
DEBUG 23:21:23:354  click_img: helping/help,0.9192544221878052,739,997
DEBUG 23:21:24:264  click_img: helping/help,0.9018160700798035,418,997
DEBUG 23:21:25:141  click_img: helping/help,0.9177474975585938,418,997
DEBUG 23:21:26:100  click_img: helping/help,0.9018160700798035,632,997
DEBUG 23:21:26:871  click_img: helping/help,0.5919443368911743,849,997
DEBUG 23:21:27:796  click_img: navigation/next,0.9963679909706116,913,945
DEBUG 23:21:28:671  click_img: helping/help,0.8887186050415039,311,997
DEBUG 23:21:29:560  click_img: helping/help,0.9018312096595764,311,997
DEBUG 23:21:30:389  click_img: helping/help,0.8886753916740417,525,997
DEBUG 23:21:31:310  click_img: helping/help,0.9017383456230164,525,997
DEBUG 23:21:32:191  click_img: helping/help,0.8886732459068298,739,997
DEBUG 23:21:33:103  click_img: helping/help,0.9017383456230164,739,997
DEBUG 23:21:33:976  click_img: helping/help,0.8868896961212158,418,997
DEBUG 23:21:34:780  click_img: helping/help,0.8995733857154846,418,997
DEBUG 23:21:35:816  click_img: helping/help,0.8868886232376099,632,997
DEBUG 23:21:36:691  click_img: helping/help,0.8995741009712219,632,997
DEBUG 23:21:37:518  click_img: helping/help,0.5919443368911743,849,997
DEBUG 23:21:38:411  click_img: navigation/next,0.9963679909706116,913,945
DEBUG 23:21:39:297  click_img: helping/help,0.8583750128746033,419,997
DEBUG 23:21:40:151  click_img: helping/help,0.8709894418716431,419,997
DEBUG 23:21:41:200  click_img: helping/help,0.8583750128746033,633,997
DEBUG 23:21:41:885  click_img: helping/help,0.8709901571273804,633,997
DEBUG 23:21:42:814  click_img: helping/help,0.857904314994812,312,997
DEBUG 23:21:43:676  click_img: helping/help,0.8708333373069763,312,997
DEBUG 23:21:44:576  click_img: helping/help,0.857904314994812,526,997
DEBUG 23:21:45:421  click_img: helping/help,0.8708340525627136,526,997
DEBUG 23:21:46:286  click_img: helping/help,0.857904314994812,740,997
DEBUG 23:21:47:212  click_img: helping/help,0.8708333373069763,740,997
DEBUG 23:21:48:111  click_img: helping/help,0.5919443368911743,849,997
DEBUG 23:21:48:911  click_img: navigation/next,0.9963679909706116,913,945
DEBUG 23:21:49:849  click_img: helping/help,0.8806801438331604,311,997
DEBUG 23:21:50:704  click_img: helping/help,0.8943005800247192,311,997
DEBUG 23:21:51:605  click_img: helping/help,0.8806350231170654,739,997
DEBUG 23:21:52:477  click_img: helping/help,0.8929446935653687,739,997
DEBUG 23:21:53:350  click_img: helping/help,0.8788655400276184,418,997
DEBUG 23:21:54:273  click_img: helping/help,0.8906450867652893,418,997
DEBUG 23:21:55:203  click_img: helping/help,0.8788644671440125,632,997
DEBUG 23:21:56:840  click_img: helping/help,0.8906450867652893,632,997
DEBUG 23:21:56:978  click_img: helping/help,0.5919443368911743,849,997
DEBUG 23:21:57:797  click_img: navigation/next,0.9963679909706116,913,945
DEBUG 23:21:58:701  click_img: helping/help,0.8862781524658203,633,997
DEBUG 23:21:59:584  click_img: helping/help,0.9014425873756409,633,997
DEBUG 23:22:00:562  click_img: helping/help,0.885346531867981,740,997
DEBUG 23:22:01:455  click_img: helping/help,0.9006809592247009,740,997
DEBUG 23:22:02:371  click_img: helping/help,0.885346531867981,312,997
DEBUG 23:22:03:229  click_img: helping/help,0.9006803035736084,312,997
DEBUG 23:22:04:920  click_img: helping/help,0.885346531867981,526,997
DEBUG 23:22:04:951  click_img: helping/help,0.9006809592247009,526,997
DEBUG 23:22:05:854  click_img: helping/help,0.5919443368911743,849,997
DEBUG 23:22:06:732  click_img: navigation/next,0.9963672161102295,913,945
DEBUG 23:22:07:628  click_img: helping/help,0.8887186050415039,311,997
DEBUG 23:22:08:480  click_img: helping/help,0.9018319249153137,311,997
DEBUG 23:22:09:349  click_img: helping/help,0.8886753916740417,525,997
DEBUG 23:22:10:273  click_img: helping/help,0.9017376899719238,525,997
DEBUG 23:22:11:137  click_img: helping/help,0.8886732459068298,739,997
DEBUG 23:22:11:964  click_img: helping/help,0.9017383456230164,739,997
DEBUG 23:22:12:855  click_img: helping/help,0.8868886232376099,418,997
DEBUG 23:22:13:787  click_img: helping/help,0.8995733857154846,418,997
DEBUG 23:22:14:648  click_img: helping/help,0.8868886232376099,632,997
DEBUG 23:22:15:561  click_img: helping/help,0.8995733857154846,632,997
DEBUG 23:22:16:416  click_img: helping/help,0.5919443368911743,849,997
DEBUG 23:22:17:273  click_img: navigation/next,0.9963679909706116,913,945
DEBUG 23:22:18:930  click_img: helping/help,0.8716734647750854,419,997
DEBUG 23:22:18:952  click_img: helping/help,0.8853834271430969,419,997
DEBUG 23:22:19:851  click_img: helping/help,0.8716745972633362,633,997
DEBUG 23:22:20:737  click_img: helping/help,0.8853834271430969,633,997
DEBUG 23:22:21:615  click_img: helping/help,0.8712504506111145,526,997
DEBUG 23:22:22:493  click_img: helping/help,0.8852930068969727,526,997
DEBUG 23:22:23:337  click_img: helping/help,0.8712504506111145,740,997
DEBUG 23:22:24:271  click_img: helping/help,0.8852930068969727,740,997
DEBUG 23:22:25:109  click_img: helping/help,0.5919443368911743,849,997
DEBUG 23:22:25:977  click_img: navigation/next,0.9963679909706116,913,945
DEBUG 23:22:26:900  click_img: helping/help,0.9015178084373474,311,997
DEBUG 23:22:27:780  click_img: helping/help,0.9166237711906433,311,997
DEBUG 23:22:28:661  click_img: helping/help,0.9014720916748047,525,997
DEBUG 23:22:29:591  click_img: helping/help,0.9165290594100952,525,997
DEBUG 23:22:30:420  click_img: helping/help,0.9014720916748047,739,997
DEBUG 23:22:31:337  click_img: helping/help,0.9165290594100952,739,997
DEBUG 23:22:32:201  click_img: helping/help,0.8992102742195129,418,997
DEBUG 23:22:33:125  click_img: helping/help,0.9138197898864746,418,997
DEBUG 23:22:33:960  click_img: helping/help,0.899209201335907,632,997
DEBUG 23:22:34:758  click_img: helping/help,0.9138205051422119,632,997
DEBUG 23:22:35:664  click_img: helping/help,0.5919443368911743,849,997
DEBUG 23:22:36:517  click_img: navigation/next,0.9963679909706116,913,945
DEBUG 23:22:37:335  click_img: helping/help,0.8671848177909851,633,997
DEBUG 23:22:38:200  click_img: helping/help,0.8805137276649475,633,997
DEBUG 23:22:39:550  click_img: helping/help,0.8667120933532715,526,997
DEBUG 23:22:39:909  click_img: helping/help,0.8803648948669434,526,997
DEBUG 23:22:40:776  click_img: helping/help,0.8667120933532715,740,997
DEBUG 23:22:41:685  click_img: helping/help,0.880366325378418,740,997
DEBUG 23:22:42:566  click_img: helping/help,0.5919443368911743,849,997
DEBUG 23:22:43:382  click_img: navigation/next,0.9963679909706116,913,945
DEBUG 23:22:44:357  click_img: helping/help,0.5919443368911743,849,997
DEBUG 23:22:45:187  click_img: navigation/next,0.9963679909706116,913,945
